<?xml version="1.0" encoding="UTF-8"?>
<!-- Generated by org.testng.reporters.JUnitXMLReporter -->
<testsuite ignored="0" hostname="DESKTOP-EAA3A0K" failures="1" tests="1" name="Test" time="15.94" errors="0" timestamp="2024-12-04T22:57:04 IST">
  <testcase classname="testCases.TC005_HDFCLogin" name="HDFCLogin" time="7.044">
    <failure type="java.lang.AssertionError" message="null">
      <![CDATA[java.lang.AssertionError: null
at testCases.TC005_HDFCLogin.HDFCLogin(TC005_HDFCLogin.java:52)
at java.base/java.util.ArrayList.forEach(ArrayList.java:1596)
... Removed 27 stack frames]]>
    </failure>
  </testcase> <!-- HDFCLogin -->
</testsuite> <!-- Test -->
