<?xml version="1.0" encoding="UTF-8"?>
<!-- Generated by org.testng.reporters.JUnitXMLReporter -->
<testsuite ignored="0" hostname="DESKTOP-EAA3A0K" failures="1" tests="1" name="Test(failed)" time="29.483" errors="0" timestamp="2024-12-04T22:27:36 IST">
  <testcase classname="testCases.TC005_HDFCLogin" name="HDFCLogin" time="7.523">
    <failure type="java.lang.AssertionError" message="Object Not Found">
      <![CDATA[java.lang.AssertionError: Object Not Found
at testCases.TC005_HDFCLogin.HDFCLogin(TC005_HDFCLogin.java:32)
at java.base/java.util.ArrayList.forEach(ArrayList.java:1596)
... Removed 26 stack frames]]>
    </failure>
  </testcase> <!-- HDFCLogin -->
</testsuite> <!-- Test(failed) -->
